<?xml version="1.0" encoding="UTF-8"?>
<testng-results skipped="0" failed="0" total="2" passed="2">
  <reporter-output>
  </reporter-output>
  <suite name="Default suite" duration-ms="9631" started-at="2022-11-17T04:38:05Z" finished-at="2022-11-17T04:38:14Z">
    <groups>
    </groups>
    <test name="Default test" duration-ms="9631" started-at="2022-11-17T04:38:05Z" finished-at="2022-11-17T04:38:14Z">
      <class name="restassure.ecommerse">
        <test-method status="PASS" signature="getallusers1()[pri:0, instance:restassure.ecommerse@724af044]" name="getallusers1" duration-ms="8212" started-at="2022-11-17T10:08:05Z" finished-at="2022-11-17T10:08:13Z">
          <reporter-output>
          </reporter-output>
        </test-method> <!-- getallusers1 -->
        <test-method status="PASS" signature="test()[pri:0, instance:restassure.ecommerse@724af044]" name="test" duration-ms="1360" started-at="2022-11-17T10:08:13Z" finished-at="2022-11-17T10:08:14Z">
          <reporter-output>
          </reporter-output>
        </test-method> <!-- test -->
      </class> <!-- restassure.ecommerse -->
    </test> <!-- Default test -->
  </suite> <!-- Default suite -->
</testng-results>
